<?xml version="1.0" encoding="UTF-8"?>
<coverage generated="1732498681888" clover="3.2.0">
  <project timestamp="1732498681888" name="All files">
    <metrics statements="11" coveredstatements="8" conditionals="0" coveredconditionals="0" methods="7" coveredmethods="5" elements="18" coveredelements="13" complexity="0" loc="11" ncloc="11" packages="2" files="2" classes="2"/>
    <package name="Components">
      <metrics statements="9" coveredstatements="7" conditionals="0" coveredconditionals="0" methods="6" coveredmethods="5"/>
      <file name="Projects.jsx" path="C:\Users\Dalton\Documents\Personal Projcets (Real)\Personal Portfolio\frontend\src\Components\Projects.jsx">
        <metrics statements="9" coveredstatements="7" conditionals="0" coveredconditionals="0" methods="6" coveredmethods="5"/>
        <line num="5" count="1" type="stmt"/>
        <line num="6" count="2" type="stmt"/>
        <line num="8" count="2" type="stmt"/>
        <line num="10" count="2" type="stmt"/>
        <line num="13" count="2" type="stmt"/>
        <line num="20" count="0" type="stmt"/>
        <line num="22" count="2" type="stmt"/>
        <line num="25" count="2" type="stmt"/>
        <line num="38" count="0" type="stmt"/>
      </file>
    </package>
    <package name="Components.Reusables">
      <metrics statements="2" coveredstatements="1" conditionals="0" coveredconditionals="0" methods="1" coveredmethods="0"/>
      <file name="ProjectCard.jsx" path="C:\Users\Dalton\Documents\Personal Projcets (Real)\Personal Portfolio\frontend\src\Components\Reusables\ProjectCard.jsx">
        <metrics statements="2" coveredstatements="1" conditionals="0" coveredconditionals="0" methods="1" coveredmethods="0"/>
        <line num="3" count="1" type="stmt"/>
        <line num="4" count="0" type="stmt"/>
      </file>
    </package>
  </project>
</coverage>
