{"C:\\Users\\Dalton\\Documents\\Personal Projcets (Real)\\Personal Portfolio\\frontend\\src\\Components\\Homepage.jsx": {"path":"C:\\Users\\Dalton\\Documents\\Personal Projcets (Real)\\Personal Portfolio\\frontend\\src\\Components\\Homepage.jsx","statementMap":{"0":{"start":{"line":8,"column":50},"end":{"line":8,"column":71}},"1":{"start":{"line":10,"column":2},"end":{"line":144,"column":4}},"2":{"start":{"line":73,"column":35},"end":{"line":73,"column":67}},"3":{"start":{"line":79,"column":35},"end":{"line":79,"column":68}},"4":{"start":{"line":85,"column":35},"end":{"line":85,"column":66}}},"fnMap":{"0":{"name":"Homepage","decl":{"start":{"line":7,"column":9},"end":{"line":7,"column":17}},"loc":{"start":{"line":7,"column":20},"end":{"line":145,"column":1}},"line":7},"1":{"name":"(anonymous_1)","decl":{"start":{"line":73,"column":29},"end":{"line":73,"column":30}},"loc":{"start":{"line":73,"column":35},"end":{"line":73,"column":67}},"line":73},"2":{"name":"(anonymous_2)","decl":{"start":{"line":79,"column":29},"end":{"line":79,"column":30}},"loc":{"start":{"line":79,"column":35},"end":{"line":79,"column":68}},"line":79},"3":{"name":"(anonymous_3)","decl":{"start":{"line":85,"column":29},"end":{"line":85,"column":30}},"loc":{"start":{"line":85,"column":35},"end":{"line":85,"column":66}},"line":85}},"branchMap":{"0":{"loc":{"start":{"line":74,"column":49},"end":{"line":74,"column":118}},"type":"cond-expr","locations":[{"start":{"line":74,"column":84},"end":{"line":74,"column":99}},{"start":{"line":74,"column":102},"end":{"line":74,"column":118}}],"line":74},"1":{"loc":{"start":{"line":80,"column":49},"end":{"line":80,"column":119}},"type":"cond-expr","locations":[{"start":{"line":80,"column":85},"end":{"line":80,"column":100}},{"start":{"line":80,"column":103},"end":{"line":80,"column":119}}],"line":80},"2":{"loc":{"start":{"line":86,"column":49},"end":{"line":86,"column":117}},"type":"cond-expr","locations":[{"start":{"line":86,"column":83},"end":{"line":86,"column":98}},{"start":{"line":86,"column":101},"end":{"line":86,"column":117}}],"line":86},"3":{"loc":{"start":{"line":94,"column":19},"end":{"line":104,"column":19}},"type":"binary-expr","locations":[{"start":{"line":94,"column":19},"end":{"line":94,"column":51}},{"start":{"line":95,"column":20},"end":{"line":103,"column":22}}],"line":94},"4":{"loc":{"start":{"line":105,"column":19},"end":{"line":115,"column":19}},"type":"binary-expr","locations":[{"start":{"line":105,"column":19},"end":{"line":105,"column":52}},{"start":{"line":106,"column":20},"end":{"line":114,"column":22}}],"line":105},"5":{"loc":{"start":{"line":116,"column":19},"end":{"line":126,"column":19}},"type":"binary-expr","locations":[{"start":{"line":116,"column":19},"end":{"line":116,"column":50}},{"start":{"line":117,"column":20},"end":{"line":125,"column":22}}],"line":116}},"s":{"0":19,"1":18,"2":0,"3":0,"4":0},"f":{"0":19,"1":0,"2":0,"3":0},"b":{"0":[18,0],"1":[0,18],"2":[0,18],"3":[18,18],"4":[18,0],"5":[18,0]},"_coverageSchema":"1a1c01bbd47fc00a2c39e90264f33305004495a9","hash":"31455b841d15af654310f31aa8d4424ec6d362a0"}
}
